   1.0000000000000000     
   1.1764705882352942     
   1.3529411764705883     
   1.5294117647058822     
   1.7058823529411766     
   1.8823529411764706     
   2.0588235294117645     
   2.2352941176470589     
   2.4117647058823533     
   2.5882352941176472     
   2.7647058823529411     
   2.9411764705882355     
   3.1176470588235294     
   3.2941176470588238     
   3.4705882352941178     
   3.6470588235294121     
   3.8235294117647061     
   4.0000000000000000     
   4.1764705882352944     
   4.3529411764705888     
   4.5294117647058822     
   4.7058823529411766     
   4.8823529411764710     
   5.0588235294117654     
   5.2352941176470589     
   5.4117647058823533     
   5.5882352941176476     
   5.7647058823529411     
   5.9411764705882355     
   6.1176470588235299     
   6.2941176470588243     
   6.4705882352941178     
   6.6470588235294121     
   6.8235294117647065     
   7.0000000000000000     
   7.1764705882352944     
   7.3529411764705888     
   7.5294117647058831     
   7.7058823529411766     
   7.8823529411764710     
   8.0588235294117645     
   8.2352941176470580     
   8.4117647058823533     
   8.5882352941176485     
   8.7647058823529420     
   8.9411764705882355     
   9.1176470588235308     
   9.2941176470588243     
   9.4705882352941178     
   9.6470588235294130     
   9.8235294117647065     
   10.000000000000000     
