  -1.0000000000000000     
 -0.84999999999999998     
 -0.73913043478260865     
 -0.65384615384615385     
 -0.58620689655172409     
 -0.53125000000000000     
 -0.48571428571428577     
 -0.44736842105263158     
 -0.41463414634146334     
 -0.38636363636363635     
 -0.36170212765957449     
 -0.33999999999999997     
 -0.32075471698113206     
 -0.30357142857142855     
 -0.28813559322033899     
 -0.27419354838709675     
 -0.26153846153846155     
 -0.25000000000000000     
 -0.23943661971830985     
 -0.22972972972972971     
 -0.22077922077922080     
 -0.21249999999999999     
 -0.20481927710843373     
 -0.19767441860465113     
 -0.19101123595505617     
 -0.18478260869565216     
 -0.17894736842105260     
 -0.17346938775510204     
 -0.16831683168316830     
 -0.16346153846153844     
 -0.15887850467289719     
 -0.15454545454545454     
 -0.15044247787610618     
 -0.14655172413793102     
 -0.14285714285714285     
 -0.13934426229508196     
 -0.13599999999999998     
 -0.13281250000000000     
 -0.12977099236641221     
 -0.12686567164179105     
 -0.12408759124087591     
 -0.12142857142857144     
 -0.11888111888111888     
 -0.11643835616438354     
 -0.11409395973154361     
 -0.11184210526315790     
 -0.10967741935483870     
 -0.10759493670886075     
 -0.10559006211180125     
 -0.10365853658536583     
 -0.10179640718562874     
 -0.10000000000000001     
