   1.00000000000000     
   1.17647058823529     
   1.35294117647059     
   1.52941176470588     
   1.70588235294118     
   1.88235294117647     
   2.05882352941176     
   2.23529411764706     
   2.41176470588235     
   2.58823529411765     
   2.76470588235294     
   2.94117647058824     
   3.11764705882353     
   3.29411764705882     
   3.47058823529412     
   3.64705882352941     
   3.82352941176471     
   4.00000000000000     
   4.17647058823529     
   4.35294117647059     
   4.52941176470588     
   4.70588235294118     
   4.88235294117647     
   5.05882352941177     
   5.23529411764706     
   5.41176470588235     
   5.58823529411765     
   5.76470588235294     
   5.94117647058824     
   6.11764705882353     
   6.29411764705882     
   6.47058823529412     
   6.64705882352941     
   6.82352941176471     
   7.00000000000000     
   7.17647058823529     
   7.35294117647059     
   7.52941176470588     
   7.70588235294118     
   7.88235294117647     
   8.05882352941176     
   8.23529411764706     
   8.41176470588235     
   8.58823529411765     
   8.76470588235294     
   8.94117647058824     
   9.11764705882353     
   9.29411764705882     
   9.47058823529412     
   9.64705882352941     
   9.82352941176471     
   10.0000000000000     
