 Eigenvalues: 
 
           1 -1.222508726829799E-002
           2  3.367322746611202E-004
           3  1.841447562477015E-002
           4  4.431814388876934E-002
           5  7.775129694836458E-002
           6  0.118507338962464     
           7  0.166393405270537     
           8  0.221207114378353     
           9  0.282728386885226     
          10  0.350716313330450     
          11  0.424908105999034     
          12  0.505019047832048     
          13  0.590742979254342     
          14  0.681753107851152     
          15  0.777703031390544     
          16  0.878227914059370     
          17  0.982945780301617     
          18   1.09145890341505     
          19   1.20335527295998     
          20   1.31821012886919     
          21   1.43558755232594     
          22   1.55504210473217     
          23   1.67612050681932     
          24   1.79836335038264     
          25   1.92130683537454     
          26   2.04448452525085     
          27   2.16742911357109     
          28   2.28967419494198     
          29   2.41075603348149     
          30   2.53021532208546     
          31   2.64759892591593     
          32   2.76246160371662     
          33   2.87436770082321     
          34   2.98289280811635     
          35   3.08762538173695     
          36   3.18816831928469     
          37   3.28414048971345     
          38   3.37517821675322     
          39   3.46093672053099     
          40   3.54109153156093     
          41   3.61533991101986     
          42   3.68340235487200     
          43   3.74502436239257     
          44   3.79997891012052     
          45   3.84807078010853     
          46   3.88914594542025     
          47   3.92311538398509     
          48   3.95001987067046     
          49   3.97019147558876     
          50   3.98452889701583     
 
 Eigenvectors: 
 
           1 -3.546027407738995E-002
           1 -6.914545471449048E-002
           1 -0.100015302849503     
           1 -0.127503561748351     
           1 -0.151358110075708     
           1 -0.171536764910420     
           1 -0.188136622826936     
           1 -0.201344939290353     
           1 -0.211404484701083     
           1 -0.218588955151444     
           1 -0.223185532632057     
           1 -0.225482613292605     
           1 -0.225761312649590     
           1 -0.224289748852422     
           1 -0.221319374246024     
           1 -0.217082815067230     
           1 -0.211792815595080     
           1 -0.205641983060801     
           1 -0.198803103916943     
           1 -0.191429857896588     
           1 -0.183657798624874     
           1 -0.175605501857891     
           1 -0.167375807210148     
           1 -0.159057098304579     
           1 -0.150724580978463     
           1 -0.142441530507154     
           1 -0.134260487524030     
           1 -0.126224388999037     
           1 -0.118367625736192     
           1 -0.110717021708405     
           1 -0.103292733436058     
           1 -9.610906974527590E-002
           1 -8.917523377907621E-002
           1 -8.249599021059723E-002
           1 -7.607226132589039E-002
           1 -6.990165608612393E-002
           1 -6.397893651016955E-002
           1 -5.829642578947487E-002
           1 -5.284436249815411E-002
           1 -4.761120512398188E-002
           1 -4.258389094524280E-002
           1 -3.774805303342523E-002
           1 -3.308819888742613E-002
           1 -2.858785391262968E-002
           1 -2.422967265646777E-002
           1 -1.999552040718390E-002
           1 -1.586652745899821E-002
           1 -1.182311804781398E-002
           1 -7.845015668952461E-003
           1 -3.911226203197424E-003
 
           2 -3.405494083941424E-002
           2 -6.597734530151864E-002
           2 -9.438461478139479E-002
           2 -0.118415030135025     
           2 -0.137583239782243     
           2 -0.151681797555825     
           2 -0.160710396165328     
           2 -0.164823051286685     
           2 -0.164287612406756     
           2 -0.159454130887667     
           2 -0.150729824524430     
           2 -0.138559096930680     
           2 -0.123407519376161     
           2 -0.105748975485011     
           2 -8.605536708196806E-002
           2 -6.478841754249651E-002
           2 -4.239320808846968E-002
           2 -1.929315537749456E-002
           2  4.113806415551061E-003
           2  2.745803373145531E-002
           2  5.040013379544295E-002
           2  7.263221253957684E-002
           2  9.387852497819209E-002
           2  0.113895625594136     
           2  0.132472102152857     
           2  0.149427964576482     
           2  0.164613750598592     
           2  0.177909401516986     
           2  0.189222954185375     
           2  0.198489089217623     
           2  0.205667570048180     
           2  0.210741602863472     
           2  0.213716143381850     
           2  0.214616172925560     
           2  0.213484963124718     
           2  0.210382345860654     
           2  0.205383002644735     
           2  0.198574785497226     
           2  0.190057079504004     
           2  0.179939215557245     
           2  0.168338940304235     
           2  0.155380949014385     
           2  0.141195485909572     
           2  0.125917015470780     
           2  0.109682967320362     
           2  9.263255647168256E-002
           2  7.490568002535870E-002
           2  5.664189076419281E-002
           2  3.797944754846365E-002
           2  1.905444193194985E-002
 
           3  4.515657870778151E-002
           3  8.666910222450142E-002
           3  0.121997295435473     
           3  0.149462728643721     
           3  0.168089166622469     
           3  0.177483200923829     
           3  0.177736369235050     
           3  0.169339716942262     
           3  0.153106318434210     
           3  0.130099582175406     
           3  0.101566391723342     
           3  6.887480548288764E-002
           3  3.345640052312863E-002
           3 -3.246471868618227E-003
           3 -3.982817931180887E-002
           3 -7.496170877908681E-002
           3 -0.107434676702419     
           3 -0.136179224258556     
           3 -0.160295665061012     
           3 -0.179069854798146     
           3 -0.191984359279663     
           3 -0.198723604185661     
           3 -0.199173292776799     
           3 -0.193414473854049     
           3 -0.181712728865343     
           3 -0.164503022261177     
           3 -0.142370821473931     
           3 -0.116030141131519     
           3 -8.629919960849046E-002
           3 -5.407439443808400E-002
           3 -2.030330648427970E-002
           3  1.404256853553125E-002
           3  4.799468791043707E-002
           3  8.061329430260578E-002
           3  0.111011628007057     
           3  0.138377995215589     
           3  0.161995237996948     
           3  0.181257228459732     
           3  0.195682091651223     
           3  0.204921947285991     
           3  0.208769047497485     
           3  0.207158274590854     
           3  0.200166047433093     
           3  0.188005765929832     
           3  0.171019998417254     
           3  0.149669685310298     
           3  0.124520692744282     
           3  9.622810117903445E-002
           3  6.551865517426476E-002
           3  3.317183119446073E-002
 
           4 -5.593481218519194E-002
           4 -0.105906868182928     
           4 -0.145578494159803     
           4 -0.172096528224841     
           4 -0.183979107688694     
           4 -0.180990784649575     
           4 -0.163992620305264     
           4 -0.134765486131021     
           4 -9.581072028623268E-002
           4 -5.013549273885987E-002
           4 -1.031884133748260E-003
           4  4.814070211195277E-002
           4  9.416033163217910E-002
           4  0.134125833523321     
           4  0.165611134774524     
           4  0.186784773751786     
           4  0.196490585453166     
           4  0.194287547497401     
           4  0.180448807426999     
           4  0.155921876733814     
           4  0.122253781225702     
           4  8.148651881494272E-002
           4  3.602942709520739E-002
           4 -1.148404611731292E-002
           4 -5.834717727690740E-002
           4 -0.101930319679165     
           4 -0.139822988411201     
           4 -0.169960563191425     
           4 -0.190729492670804     
           4 -0.201046151242320     
           4 -0.200405967598708     
           4 -0.188901036774664     
           4 -0.167206063872399     
           4 -0.136534087734412     
           4 -9.856491989997221E-002
           4 -5.535053897003946E-002
           4 -9.202744127194448E-003
           4  3.743085191018695E-002
           4  8.209595185791800E-002
           4  0.122459161022214     
           4  0.156427575817962     
           4  0.182254438552810     
           4  0.198625727942083     
           4  0.204723597276830     
           4  0.200263797031525     
           4  0.185505562782884     
           4  0.161233844898089     
           4  0.128715134606228     
           4  8.962943495751376E-002
           4  4.598207322137886E-002
 
           5 -6.667553997195746E-002
           5 -0.124014168438801     
           5 -0.165145078493384     
           5 -0.185833157776755     
           5 -0.184504601873169     
           5 -0.162094097544862     
           5 -0.121717159265416     
           5 -6.819435421611529E-002
           5 -7.469197397296266E-003
           5  5.402959096120543E-002
           5  0.110027331226289     
           5  0.154991590444489     
           5  0.184622877633068     
           5  0.196211137263761     
           5  0.188833852052419     
           5  0.163385647127729     
           5  0.122443729017609     
           5  6.998709369144210E-002
           5  1.099910662647686E-002
           5 -4.900810500310563E-002
           5 -0.104503644060294     
           5 -0.150436864356740     
           5 -0.182682347194706     
           5 -0.198393578348255     
           5 -0.196236849283194     
           5 -0.176487841763161     
           5 -0.140985485655708     
           5 -9.294996992954731E-002
           5 -3.668321211026125E-002
           5  2.282027785966862E-002
           5  8.031712848365669E-002
           5  0.130774436280748     
           5  0.169805070684050     
           5  0.194042046770305     
           5  0.201420827188553     
           5  0.191346699655934     
           5  0.164734442747859     
           5  0.123918471631385     
           5  7.244261774305355E-002
           5  1.474873004873899E-002
           5 -4.420843010538932E-002
           5 -9.938665649011566E-002
           5 -0.146085777644793     
           5 -0.180344868382838     
           5 -0.199274011774268     
           5 -0.201293261681562     
           5 -0.186259501782854     
           5 -0.155471463128579     
           5 -0.111553437822453     
           5 -5.822835199221536E-002
 
           6  7.735075769299929E-002
           6  0.140717188674296     
           6  0.179957866561472     
           6  0.189587711191084     
           6  0.169029254148363     
           6  0.122268136491392     
           6  5.697171046972619E-002
           6 -1.679979528602332E-002
           6 -8.811229625630869E-002
           6 -0.146707346576979     
           6 -0.184386108955539     
           6 -0.196059884418884     
           6 -0.180347268326530     
           6 -0.139659235278115     
           6 -7.977994210228483E-002
           6 -9.014396558672665E-003
           6  6.297336718474664E-002
           6  0.126472514251419     
           6  0.173014444997656     
           6  0.196472728556820     
           6  0.193836336364078     
           6  0.165563481029957     
           6  0.115478856763041     
           6  5.023598709289802E-002
           6 -2.157871625286063E-002
           6 -9.057946366622130E-002
           6 -0.147803405230076     
           6 -0.185864214095947     
           6 -0.199890612774015     
           6 -0.188132973342581     
           6 -0.152164814918903     
           6 -9.665825511710825E-002
           6 -2.876658239599407E-002
           6  4.280368777716723E-002
           6  0.108910703781627     
           6  0.161141949863045     
           6  0.192878160401379     
           6  0.200123101930229     
           6  0.181996557113299     
           6  0.140831075170226     
           6  8.186327684712874E-002
           6  1.256138772014258E-002
           6 -5.832412013123408E-002
           6 -0.121865938906243     
           6 -0.170081951444819     
           6 -0.196933368457642     
           6 -0.199074909151575     
           6 -0.176264707605018     
           6 -0.131384621696959     
           6 -7.007043719003661E-002
 
           7  8.788890350041000E-002
           7  0.155679623708927     
           7  0.189324418765630     
           7  0.182751176940392     
           7  0.138326988844836     
           7  6.583562374003130E-002
           7 -1.978873959603268E-002
           7 -0.101521736218938     
           7 -0.163533406415625     
           7 -0.194110951888259     
           7 -0.187718595912813     
           7 -0.145862148929540     
           7 -7.664635677905975E-002
           7  6.854109451079931E-003
           7  8.908450256312971E-002
           7  0.154893097065347     
           7  0.192283268537248     
           7  0.194546556041618     
           7  0.161409307968703     
           7  9.900751728722716E-002
           7  1.871488691515968E-002
           7 -6.494912478641698E-002
           7 -0.136946409676209     
           7 -0.184409702098310     
           7 -0.198918002134586     
           7 -0.177961152121765     
           7 -0.125344593749495     
           7 -5.047449206313596E-002
           7  3.333957488825235E-002
           7  0.111256644301610     
           7  0.169528638418439     
           7  0.197914606487979     
           7  0.191463828847899     
           7  0.151360693739545     
           7  8.469054889334797E-002
           7  3.174906097454297E-003
           7 -7.889657476884943E-002
           7 -0.147171885497140     
           7 -0.189741350543474     
           7 -0.199205498469365     
           7 -0.173949109417760     
           7 -0.118404345852548     
           7 -4.226238492943363E-002
           7  4.122468406402247E-002
           7  0.117553267183360     
           7  0.173486405061602     
           7  0.199344052603815     
           7  0.190670421359009     
           7  0.148992727847140     
           7  8.154376980838812E-002
 
           8  9.821911201177615E-002
           8  0.168594004335329     
           8  0.192749138522973     
           8  0.165393430103298     
           8  9.471603921935448E-002
           8 -3.714054869645909E-004
           8 -9.536440350510575E-002
           8 -0.166377143458055     
           8 -0.195950179969984     
           8 -0.177117236239452     
           8 -0.114842520292023     
           8 -2.457663112791986E-002
           8  7.164622999537022E-002
           8  0.150589101096754     
           8  0.193373318767798     
           8  0.189911673785066     
           8  0.141196942091228     
           8  5.894840159269327E-002
           8 -3.725782640507670E-002
           8 -0.124666731892778     
           8 -0.182714684642431     
           8 -0.197832347854685     
           8 -0.166569718957467     
           8 -9.633576827456944E-002
           8 -3.605583789848106E-003
           8  8.996507672734864E-002
           8  0.162599418530512     
           8  0.197453358579796     
           8  0.186495861340823     
           8  0.132329041819402     
           8  4.754285543266957E-002
           8 -4.823061137426251E-002
           8 -0.132870871940199     
           8 -0.186874134360692     
           8 -0.197833761090583     
           8 -0.163270891552969     
           8 -9.117433053093935E-002
           8  1.862941264773502E-003
           8  9.447270683932253E-002
           8  0.165420850333543     
           8  0.198469624206359     
           8  0.186081605158458     
           8  0.131123671323617     
           8  4.618936161627230E-002
           8 -4.929733871444471E-002
           8 -0.133528800342760     
           8 -0.187292587178896     
           8 -0.198346503207898     
           8 -0.164195559434400     
           8 -9.264355049912590E-002
 
           9 -0.108277225610189     
           9 -0.179197495641584     
           9 -0.189966620556513     
           9 -0.138281522859980     
           9 -4.186893903509568E-002
           9  6.790986575625564E-002
           9  0.156241606131814     
           9  0.195672772417211     
           9  0.174329508886557     
           9  9.919629120777031E-002
           9 -6.369610395577299E-003
           9 -0.109991146723291     
           9 -0.180185839282721     
           9 -0.195837163062198     
           9 -0.152416958133645     
           9 -6.316885314965201E-002
           9  4.501766475513128E-002
           9  0.139743091496481     
           9  0.192783248910246     
           9  0.188443131312637     
           9  0.128128466566029     
           9  2.982635838445992E-002
           9 -7.730326861548421E-002
           9 -0.161590916338931     
           9 -0.198202733504533     
           9 -0.176419014720624     
           9 -0.102726234621243     
           9  1.155104444498899E-003
           9  0.104697382573915     
           9  0.177541153942478     
           9  0.198381455566208     
           9  0.161170595251513     
           9  7.684085781437500E-002
           9 -2.993397943732180E-002
           9 -0.127972399920019     
           9 -0.188690733164215     
           9 -0.194423215308437     
           9 -0.143539856415207     
           9 -5.088633532818011E-002
           9  5.656549229252399E-002
           9  0.147577687776292     
           9  0.195724906996177     
           9  0.187054866581918     
           9  0.124114083843364     
           9  2.518262425096363E-002
           9 -8.104763079216845E-002
           9 -0.163798846641049     
           9 -0.199120549302774     
           9 -0.176810830879670     
           9 -0.103348867309113     
 
          10 -0.118005692099909     
          10 -0.187275027420418     
          10 -0.180949395269980     
          10 -0.102831707122182     
          10  1.553845482062124E-002
          10  0.127891700223030     
          10  0.191159529348510     
          10  0.181601615724454     
          10  0.103292945998975     
          10 -1.390978156581841E-002
          10 -0.125899394456732     
          10 -0.190897754145809     
          10 -0.184902616601776     
          10 -0.110365167092586     
          10  4.965883292007150E-003
          10  0.118466198852372     
          10  0.188395343981077     
          10  0.189182285188750     
          10  0.120674167862511     
          10  8.044036504171192E-003
          10 -0.107522367182857     
          10 -0.183900387426129     
          10 -0.193347566055334     
          10 -0.132518081628679     
          10 -2.358079459497515E-002
          10  9.390719998851879E-002
          10  0.177379634195452     
          10  0.196665150402457     
          10  0.144852156541964     
          10  4.071860507761660E-002
          10 -7.811018137755917E-002
          10 -0.168771510015124     
          10 -0.198617378265895     
          10 -0.156943823233219     
          10 -5.879495900555479E-002
          10  6.049739502481691E-002
          10  0.158047275990247     
          10  0.198828645591835     
          10  0.168232843374829     
          10  7.727527600643301E-002
          10 -4.139459486018449E-002
          10 -0.145226782149510     
          10 -0.197027213991940     
          10 -0.178268127227073     
          10 -9.569466114028136E-002
          10  2.112050893424691E-002
          10  0.130381247691451     
          10  0.193024506041532     
          10  0.186677383979727     
          10  0.113631766060126     
 
          11 -0.127352583697130     
          11 -0.192660027429082     
          11 -0.165905015293469     
          11 -6.101804629723984E-002
          11  7.228088299592092E-002
          11  0.172228020586977     
          11  0.193295354881035     
          11  0.126382335466352     
          11  2.246948033406357E-003
          11 -0.122901213185062     
          11 -0.192870136858773     
          11 -0.176541966635050     
          11 -8.146114797504657E-002
          11  4.986058750446317E-002
          11  0.159053412982738     
          11  0.197808755758863     
          11  0.149135416631574     
          11  3.466387488293899E-002
          11 -9.507637720565632E-002
          11 -0.183000031208341     
          11 -0.190547046134600     
          11 -0.114508872741145     
          11  1.170060749864415E-002
          11  0.132789141170423     
          11  0.195819605543244     
          11  0.173315087197439     
          11  7.517290849291854E-002
          11 -5.574868884794204E-002
          11 -0.162379889628228     
          11 -0.198312265511264     
          11 -0.147961135981703     
          11 -3.327596402484075E-002
          11  9.586873817813914E-002
          11  0.183379734862302     
          11  0.191297344192264     
          11  0.116229059393261     
          11 -9.234633114967474E-003
          11 -0.130696232382098     
          11 -0.195542816164263     
          11 -0.175721173549711     
          11 -7.984568950143102E-002
          11  5.057397374703229E-002
          11  0.159121853359376     
          11  0.198879372096610     
          11  0.152689117358581     
          11  4.053497982856737E-002
          11 -8.912516361768226E-002
          11 -0.180306477947185     
          11 -0.193665799743198     
          11 -0.123461301785898     
 
          12 -0.136270707245183     
          12 -0.195234662775840     
          12 -0.145265442072440     
          12 -1.524699447520592E-002
          12  0.123092394081242     
          12  0.194773533357729     
          12  0.161645615774205     
          12  4.199346375736761E-002
          12 -0.100036283854749     
          12 -0.188962369203436     
          12 -0.177911635992599     
          12 -7.300411593740747E-002
          12  7.031784275028241E-002
          12  0.176723155476027     
          12  0.190538504293217     
          12  0.104708844323944     
          12 -3.578897308778344E-002
          12 -0.157629689590926     
          12 -0.197409968813375     
          12 -0.134550477216237     
          12 -1.815226173654372E-003
          12  0.131861709756045     
          12  0.197200742067763     
          12  0.160433971271552     
          12  4.066974181155024E-002
          12 -0.100117325524316     
          12 -0.189190991017978     
          12 -0.180610972128891     
          12 -7.886759301663857E-002
          12  6.353222345136629E-002
          12  0.173200235645827     
          12  0.193684918677235     
          12  0.114490681688041     
          12 -2.359632174819670E-002
          12 -0.149551350995627     
          12 -0.198649439787389     
          12 -0.145701722719522     
          12 -1.793768107802367E-002
          12  0.119033612734849     
          12  0.194928561044248     
          12  0.170840612261391     
          12  5.915453474148045E-002
          12 -8.285309682606097E-002
          12 -0.182404862139925     
          12 -0.188515858204490     
          12 -9.808312400815994E-002
          12  4.256669765907230E-002
          12  0.161428748004837     
          12  0.197684404748638     
          12  0.132805591516120     
 
          13 -0.144716946057937     
          13 -0.194929860041798     
          13 -0.119669511639075     
          13  3.179384297247352E-002
          13  0.163180436178761     
          13  0.192211425968862     
          13  0.101334928446716     
          13 -5.247006108258644E-002
          13 -0.173816716320412     
          13 -0.187993556250395     
          13 -8.659061357277127E-002
          13  6.791585335669874E-002
          13  0.180863288664549     
          13  0.183353754939063     
          13  7.406250508598453E-002
          13 -8.030978735113969E-002
          13 -0.185868122350178     
          13 -0.178598452983478     
          13 -6.304205664146290E-002
          13  9.069613872001860E-002
          13  0.189558507891177     
          13  0.173833908869573     
          13  5.311740571541973E-002
          13 -9.965544590509051E-002
          13 -0.192330594478309     
          13 -0.169099658051254     
          13 -4.402812608871799E-002
          13  0.107543428206860     
          13  0.194422523526138     
          13  0.164409668731189     
          13  3.559910231834171E-002
          13 -0.114593656447109     
          13 -0.195987976656005     
          13 -0.159767344830331     
          13 -2.770695311187555E-002
          13  0.120967654145573     
          13  0.197131605077468     
          13  0.155171623665935     
          13  2.026150619554688E-002
          13 -0.126781719912041     
          13 -0.197927748008113     
          13 -0.150619636475963     
          13 -1.319489204999496E-002
          13  0.132122341951985     
          13  0.198431050286889     
          13  0.146107918429555     
          13  6.454779928952539E-003
          13 -0.137055567870639     
          13 -0.198682834979780     
          13 -0.141632965887342     
 
          14  0.152651805662391     
          14  0.191725043475208     
          14  8.993898768545233E-002
          14 -7.730366623118673E-002
          14 -0.188696192341989     
          14 -0.164554986733544     
          14 -2.278307338724047E-002
          14  0.135210506880778     
          14  0.197256428444775     
          14  0.119728026683536     
          14 -4.230648508842068E-002
          14 -0.174545331895506     
          14 -0.184091102134721     
          14 -6.445445569611741E-002
          14  0.100342892911498     
          14  0.194930392662807     
          14  0.153294509363717     
          14  4.652512759488713E-003
          14 -0.147233792848141     
          14 -0.196547303950245     
          14 -0.109051797176059     
          14  5.428967758738198E-002
          14  0.179900456080967     
          14  0.180568565611604     
          14  5.591035196163442E-002
          14 -0.107530077407037     
          14 -0.196423983880355     
          14 -0.149215983245964     
          14  1.332655197479994E-003
          14  0.150958781059143     
          14  0.196131378109423     
          14  0.105649971315462     
          14 -5.787558336274973E-002
          14 -0.181401978069196     
          14 -0.179601211468160     
          14 -5.375872725711481E-002
          14  0.109200501953059     
          14  0.196786957090697     
          14  0.148585459362423     
          14 -2.115597224172755E-003
          14 -0.151357622081066     
          14 -0.196241329281281     
          14 -0.105852722234527     
          14  5.748507886910064E-002
          14  0.181215354592509     
          14  0.180113746908413     
          14  5.496437017912487E-002
          14 -0.108032604924250     
          14 -0.196654044579885     
          14 -0.149912674261404     
 
          15  0.160039111813420     
          15  0.185647487274716     
          15  5.704885272729556E-002
          15 -0.118543137418869     
          15 -0.197116221661165     
          15 -0.115194481625336     
          15  6.012593808258151E-002
          15  0.186867297536481     
          15  0.163074564504575     
          15  8.246853535595918E-003
          15 -0.153192914122156     
          15 -0.192042933568669     
          15 -7.747378988729996E-002
          15  9.889471111151719E-002
          15  0.196482637507215     
          15  0.137739311950255     
          15 -3.047657831687090E-002
          15 -0.174494290191050     
          15 -0.180090224502686     
          15 -4.294375843392742E-002
          15  0.128214656341054     
          15  0.197897070250519     
          15  0.111055106793062     
          15 -6.357146987037274E-002
          15 -0.187975636030107     
          15 -0.163954254082506     
          15 -1.053821018241548E-002
          15  0.151190885457749     
          15  0.193704856189870     
          15  8.354328733048384E-002
          15 -9.244070316843851E-002
          15 -0.195618527266121     
          15 -0.144780270626803     
          15  2.001064983473760E-002
          15  0.169056574269330     
          15  0.185122477673305     
          15  5.561141298612887E-002
          15 -0.117619877540860     
          15 -0.198404874206703     
          15 -0.123286167086356     
          15  4.868673228289937E-002
          15  0.182419530194169     
          15  0.172904462982925     
          15  2.764082381962828E-002
          15 -0.139319625041836     
          15 -0.196940746309607     
          15 -0.100028573904313     
          15  7.535943079825373E-002
          15  0.191635162924569     
          15  0.157615350907480     
 
          16 -0.166845816126681     
          16 -0.176771198251668     
          16 -2.209270446875831E-002
          16  0.153005274524369     
          16  0.187498766401474     
          16  5.047981102822613E-002
          16 -0.132542211351357     
          16 -0.195152283587619     
          16 -8.093649315635630E-002
          16  0.106450166863626     
          16  0.197787683856216     
          16  0.110966743201579     
          16 -7.565817283862374E-002
          16 -0.194326485535146     
          16 -0.138657613920925     
          16  4.127261667029165E-002
          16  0.184251237769404     
          16  0.162413901030612     
          16 -4.588793399755732E-003
          16 -0.167493048664420     
          16 -0.180903671276508     
          16 -3.295204178781709E-002
          16  0.144375120589024     
          16  0.193066241550326     
          16  6.982418736973592E-002
          16 -0.115570108162537     
          16 -0.198137417916705     
          16 -0.104486573698385     
          16  8.205620274484418E-002
          16  0.195674703314842     
          16  0.135454054089418     
          16 -4.506651846894469E-002
          16 -0.185574621153466     
          16 -0.161367054981092     
          16  6.030487722177049E-003
          16  0.168078230442236     
          16  0.181056248416202     
          16  3.349196208843150E-002
          16 -0.143762947722528     
          16 -0.193599242220028     
          16 -7.188152109692751E-002
          16  0.113520104678742     
          16  0.198366650305062     
          16  0.107533288255627     
          16 -7.851866385925983E-002
          16 -0.195055364411775     
          16 -0.138930254352313     
          16  4.015633236256003E-002
          16  0.183707402832663     
          16  0.164713344360205     
 
          17  0.173041875837311     
          17  0.165215275316031     
          17 -1.375567396465380E-002
          17 -0.178572288033678     
          17 -0.160589850475388     
          17  2.110702407964434E-002
          17  0.181358444201760     
          17  0.157857872931451     
          17 -2.520694500744571E-002
          17 -0.182843734266284     
          17 -0.156355063563337     
          17  2.734454901805851E-002
          17  0.183586891489874     
          17  0.155705611003951     
          17 -2.816985644102709E-002
          17 -0.183850341572037     
          17 -0.155676150093820     
          17  2.805515730021931E-002
          17  0.183772921200445     
          17  0.156111260728826     
          17 -2.723301116708006E-002
          17 -0.183434229742302     
          17 -0.156901740247567     
          17  2.585823412356365E-002
          17  0.182882602345269     
          17  0.157967553441752     
          17 -2.403907643829434E-002
          17 -0.182148669784043     
          17 -0.159248003947214     
          17  2.185427611960985E-002
          17  0.181252489406831     
          17  0.160695740533954     
          17 -1.936301232879454E-002
          17 -0.180207540185186     
          17 -0.162272930426588     
          17  1.661102362697955E-002
          17  0.179023076996115     
          17  0.163948721485458     
          17 -1.363453146334481E-002
          17 -0.177705576474963     
          17 -0.165697504464306     
          17  1.046284654482048E-002
          17  0.176259655920585     
          17  0.167497690264979     
          17 -7.120152668599731E-003
          17 -0.174688674365512     
          17 -0.169330829157703     
          17  3.626759182205062E-003
          17  0.172995135470341     
          17  0.171180963273647     
 
          18 -0.178600183636996     
          18 -0.151141719821706     
          18  4.928334023159702E-002
          18  0.193648861527559     
          18  0.118768456041187     
          18 -9.007921188475926E-002
          18 -0.197628559828523     
          18 -8.349577745748893E-002
          18  0.124095722348096     
          18  0.193037073542556     
          18  4.664111495899804E-002
          18 -0.151712442321478     
          18 -0.181265369598645     
          18 -9.353311603182363E-003
          18  0.172944349946620     
          18  0.163376673714529     
          18 -2.730004162597436E-002
          18 -0.187735176909784     
          18 -0.140341869773999     
          18  6.232173999893143E-002
          18  0.196072005764187     
          18  0.113121557813881     
          18 -9.479361866927885E-002
          18 -0.198036182407657     
          18 -8.269218968668382E-002
          18  0.123890709892042     
          18  0.193826138948805     
          18  5.004801160339575E-002
          18 -0.148896198424004     
          18 -0.183765388399531     
          18 -1.619129447908801E-002
          18  0.169215153673942     
          18  0.168301406790957     
          18 -1.788341332353782E-002
          18 -0.184385986718354     
          18 -0.147998226343352     
          18  5.120797491589780E-002
          18  0.194089014357460     
          18  0.123524355279756     
          18 -8.286046187286765E-002
          18 -0.198151754302454     
          18 -9.563710691474894E-002
          18  0.111984818162531     
          18  0.196550740462096     
          18  6.516417869556436E-002
          18 -0.137809475660277     
          18 -0.189409777704085     
          18 -3.298321064449301E-002
          18  0.159664209510333     
          18  0.176994667993446     
 
          19  0.183496530520993     
          19  0.134752693817861     
          19 -8.328047367985383E-002
          19 -0.197263760341495     
          19 -6.583529502652294E-002
          19  0.147220142444797     
          19  0.178246190506004     
          19 -1.061357639281004E-002
          19 -0.186405705847638     
          19 -0.133071625593371     
          19  8.359715536992951E-002
          19  0.197785568505912     
          19  6.977927459067504E-002
          19 -0.143590313908872     
          19 -0.181454798110158     
          19  2.291722912941451E-003
          19  0.183241349501637     
          19  0.140701604983028     
          19 -7.334301324675120E-002
          19 -0.198036164847847     
          19 -8.158786741798324E-002
          19  0.134161531566360     
          19  0.186691276782382     
          19  1.218348585231927E-002
          19 -0.177135368898964     
          19 -0.151190082823348     
          19  5.843062595338142E-002
          19  0.197087293712044     
          19  9.644853281900469E-002
          19 -0.121263187283572     
          19 -0.191817631591498     
          19 -2.964917708751913E-002
          19  0.168483164152086     
          19  0.162291693983819     
          19 -4.067570624419120E-002
          19 -0.194333861597456     
          19 -0.112452739348151     
          19  0.105701520605495     
          19  0.195784929182446     
          19  4.868705521486776E-002
          19 -0.157383352322947     
          19 -0.172849313867722     
          19  2.099112157606755E-002
          19  0.189416354357745     
          19  0.128532730030987     
          19 -8.793481177922767E-002
          19 -0.197972985159703     
          19 -6.842694581639706E-002
          19  0.143919576931138     
          19  0.182133224515067     
 
          20 -0.187709589504508     
          20 -0.116287242128673     
          20  0.114582509086256     
          20  0.189133538115933     
          20  6.664550709319326E-003
          20 -0.184833045398543     
          20 -0.126566049616032     
          20  0.102370483637240     
          20  0.193508780126023     
          20  2.456448532158199E-002
          20 -0.177352086822554     
          20 -0.141485925517324     
          20  8.388458843764054E-002
          20  0.197001758522371     
          20  4.670439195253125E-002
          20 -0.165997341713273     
          20 -0.157044828953962     
          20  6.148396432774331E-002
          20  0.198006610303236     
          20  7.056206293805979E-002
          20 -0.150907742567089     
          20 -0.171374307729278     
          20  3.633466475221787E-002
          20  0.195683396080407     
          20  9.467105794521809E-002
          20 -0.132263919186442     
          20 -0.183325039343829     
          20  9.318015449662851E-003
          20  0.189577293059658     
          20  0.117946447917842     
          20 -0.110363411785973     
          20 -0.192098997888124     
          20 -1.875865796543509E-002
          20  0.179485305762380     
          20  0.139491617443070     
          20 -8.562248519888510E-002
          20 -0.197125053199477     
          20 -4.710561426212750E-002
          20  0.165398582934258     
          20  0.158535838521040     
          20 -5.856315160207851E-002
          20 -0.198010988653209     
          20 -7.494117273521965E-002
          20  0.147471747599320     
          20  0.174416419565562     
          20 -2.979583702458948E-002
          20 -0.194523363310528     
          20 -0.101499409429837     
          20  0.126002283674276     
          20  0.186577830658347     
 
          21 -0.191220911493229     
          21 -9.601750973738209E-002
          21  0.142110713730059     
          21  0.169684384319738     
          21 -5.324895883991602E-002
          21 -0.197794578461692     
          21 -5.184408977426500E-002
          21  0.170101521486592     
          21  0.143111834992259     
          21 -9.302327841302398E-002
          21 -0.193376803161866     
          21 -1.176457278230709E-002
          21  0.186985863971472     
          21  0.113566155297076     
          21 -0.125034971526128     
          21 -0.181893551826906     
          21  2.547832821567571E-002
          21  0.195858805826915     
          21  8.201711519061174E-002
          21 -0.150790446941415     
          21 -0.164967546472085     
          21  5.994917154634683E-002
          21  0.198010160203066     
          21  4.928422984680517E-002
          21 -0.170800309987113     
          21 -0.143654057757252     
          21  9.137347920012719E-002
          21  0.194207982702551     
          21  1.614163814746204E-002
          21 -0.185266660476310     
          21 -0.118822248427297     
          21  0.119377715547740     
          21  0.185051426747249     
          21 -1.666634085644932E-002
          21 -0.194305990140290     
          21 -9.127350675177381E-002
          21  0.143582238725749     
          21  0.171096883531347     
          21 -4.842835138751197E-002
          21 -0.198039019798917     
          21 -6.178249790093635E-002
          21  0.163645703551898     
          21  0.152908513412522     
          21 -7.847442495974166E-002
          21 -0.196631342207122     
          21 -3.110945089791141E-002
          21  0.179289487581337     
          21  0.131077921503165     
          21 -0.106185884585365     
          21 -0.190312220424275     
 
          22 -0.194014926964675     
          22 -7.424449886290259E-002
          22  0.164909842131695     
          22  0.140030677688484     
          22 -0.108304693298193     
          22 -0.184267376493323     
          22  3.241055159763991E-002
          22  0.197708220041455     
          22  5.005238409710205E-002
          22 -0.176729617584500     
          22 -0.124436771008935     
          22  0.124163825374530     
          22  0.177055093819822     
          22 -4.891893516764808E-002
          22 -0.197897022400954     
          22 -3.558541547221586E-002
          22  0.182670731398042     
          22  0.113890567818446     
          22 -0.133767606594574     
          22 -0.171416643189199     
          22  5.994712019400839E-002
          22  0.197266257470276     
          22  2.521718160022134E-002
          22 -0.186367366736804     
          22 -0.105848276187067     
          22  0.140528606225244     
          22  0.166760252137683     
          22 -6.818594361692794E-002
          22 -0.196363423224111     
          22 -1.712895532582961E-002
          22  0.188916149130859     
          22  9.931925879168968E-002
          22 -0.145679275035096     
          22 -0.162775370146292     
          22  7.473686817404608E-002
          22  0.195365145216016     
          22  1.049684472716586E-002
          22 -0.190783405728716     
          22 -9.380925583750274E-002
          22  0.149800461483607     
          22  0.159280480357043     
          22 -8.015837550331616E-002
          22 -0.194341342594356     
          22 -4.876365930388856E-003
          22  0.192206929532217     
          22  8.903449621734776E-002
          22 -0.153210536828089     
          22 -0.156160134724665     
          22  8.477234578539224E-002
          22  0.193322750248951     
 
          23  0.196078948758181     
          23  5.129342086675925E-002
          23 -0.182181595650239     
          23 -0.101911427206708     
          23  0.153324813374226     
          23  0.145972123845984     
          23 -0.110877395864680     
          23 -0.178528764463218     
          23  5.803007580927801E-002
          23  0.195824891379212     
          23  6.812270664911968E-004
          23 -0.195619602694662     
          23 -5.989587208049783E-002
          23  0.177417145901116     
          23  0.114003121508635     
          23 -0.142539791117743     
          23 -0.157734570931463     
          23  9.402223015206518E-002
          23  0.186722429216526     
          23 -3.633125739115428E-002
          23 -0.197969535336464     
          23 -2.506474522141862E-002
          23  0.190183317632438     
          23  8.423507028244134E-002
          23 -0.163938399649888     
          23 -0.135380998378130     
          23  0.121649363840603     
          23  0.173424888381709     
          23 -6.735433717645833E-002
          23 -0.194533474425283     
          23  6.329478495803116E-003
          23  0.196520829060636     
          23  5.542794367590298E-002
          23 -0.179088221223431     
          23 -0.111796266496309     
          23  0.143874430128650     
          23  0.157145574894093     
          23 -9.430931643429157E-002
          23 -0.186910296289896     
          23  3.528362974213645E-002
          23  0.198059140875711     
          23  2.733293684365462E-002
          23 -0.189413282834064     
          23 -8.727753068930469E-002
          23  0.161778835928918     
          23  0.138524745607239     
          23 -0.117878467186918     
          23 -0.175897921915566     
          23  6.208750231257823E-002
          23  0.195598469527660     
 
          24 -0.197403172403863     
          24 -2.750870702960433E-002
          24  0.193312752196440     
          24  5.758833442554805E-002
          24 -0.184046059674652     
          24 -8.797903084331019E-002
          24  0.169217333532316     
          24  0.116980267195998     
          24 -0.148889336472623     
          24 -0.143156752392049     
          24  0.123468637137163     
          24  0.165271033480076     
          24 -9.364379684701934E-002
          24 -0.182282257660454     
          24  6.033552640276919E-002
          24  0.193365319955264     
          24 -2.464824517578199E-002
          24 -0.197933799655289     
          24 -1.218044885126154E-002
          24  0.195659421882628     
          24  4.883298077222525E-002
          24 -0.186484403366458     
          24 -8.396689514602178E-002
          24  0.170624758074204     
          24  0.116270384490190     
          24 -0.148563643687699     
          24 -0.144516448102329     
          24  0.121034540916036     
          24  0.167613751300272     
          24 -8.899462788919740E-002
          24 -0.184652275997945     
          24  5.358919688925627E-002
          24  0.194941990272665     
          24 -1.610837689006011E-002
          24 -0.198042995553414     
          24 -2.206222666286792E-002
          24  0.193785917534390     
          24  5.949508910429648E-002
          24 -0.182281673975496     
          24 -9.477644119711713E-002
          24  0.163920161894728     
          24  0.126561873706457     
          24 -0.139357840352740     
          24 -0.153629666066148     
          24  0.109494624720714     
          24  0.174929704842598     
          24 -7.544093569322791E-002
          24 -0.189626016309503     
          24  3.847614366566676E-002
          24  0.197131176969722     
 
          25 -0.197980671192410     
          25 -3.248749490375969E-003
          25  0.197897009434016     
          25  9.711543172263798E-003
          25 -0.197528270076766     
          25 -1.804368232755197E-002
          25  0.196705389219341     
          25  2.757230063360314E-002
          25 -0.195303906065185     
          25 -3.789766669661356E-002
          25  0.193233594677457     
          25  4.875063239677214E-002
          25 -0.190429619469770     
          25 -5.993177647444943E-002
          25  0.186846562158274     
          25  7.128214516697190E-002
          25 -0.182454486711370     
          25 -8.266795684060675E-002
          25  0.177236300895510     
          25  9.397211596776681E-002
          25 -0.171185930777716     
          25 -0.105089308581686     
          25  0.164307008424821     
          25  0.115923097327097     
          25 -0.156611886799388     
          25 -0.126384187365296     
          25  0.148120864607952     
          25  0.136389404246842     
          25 -0.138861545770255     
          25 -0.145861117421434     
          25  0.128868284221019     
          25  0.154726948362825     
          25 -0.118181681306606     
          25 -0.162919662361945     
          25  0.106848113805225     
          25  0.170377178597000     
          25 -9.491927776584153E-002
          25 -0.177042654830810     
          25  8.245173823854704E-002
          25  0.182864616778405     
          25 -6.950647836072424E-002
          25 -0.187797111050064     
          25  5.614844366992904E-002
          25  0.191799866461471     
          25 -4.244607925502997E-002
          25 -0.194838452512673     
          25  2.847085863841396E-002
          25  0.196884426639638     
          25 -1.429680424004414E-002
          25 -0.197915463852022     
 
          26  0.197807383693958     
          26 -2.111955062218283E-002
          26 -0.195749796654550     
          26  3.883888698454607E-002
          26  0.192440393075179     
          26 -5.442572775776362E-002
          26 -0.188218439128340     
          26  6.849253886636569E-002
          26  0.183263120218359     
          26 -8.137767527162569E-002
          26 -0.177684786664555     
          26  9.328480998982394E-002
          26  0.171559613143963     
          26 -0.104343941991123     
          26 -0.164945032762189     
          26  0.114641573665157     
          26  0.157887431047467     
          26 -0.124237043032095     
          26 -0.150426318340395     
          26  0.133171995195766     
          26  0.142596743709132     
          26 -0.141476185037526     
          26 -0.134430763863821     
          26  0.149171194902007     
          26  0.125958373018519     
          26 -0.156272906687537     
          26 -0.117208109665710     
          26  0.162793198057902     
          26  0.108207461448975     
          26 -0.168741137849061     
          26 -9.898313928056449E-002
          26  0.174123848115135     
          26  8.956126413125622E-002
          26 -0.178947138198898     
          26 -7.996749391549796E-002
          26  0.183215979110018     
          26  7.022710831522232E-002
          26 -0.186934863600654     
          26 -6.036506346724138E-002
          26  0.190108082802591     
          26  5.040602467829343E-002
          26 -0.192739940843351     
          26 -4.037438288141128E-002
          26  0.194834922577710     
          26  3.029425891417029E-002
          26 -0.196397825311014     
          26 -2.018949858856385E-002
          26  0.197433862449182     
          26  1.008366075246329E-002
          26 -0.197948744945747     
 
          27 -0.196882091734280     
          27  4.522634652344878E-002
          27  0.186915548633383     
          27 -8.512625900926483E-002
          27 -0.169196254314692     
          27  0.119632188756195     
          27  0.145207924986358     
          27 -0.148337067709661     
          27 -0.116238750241181     
          27  0.170800680180880     
          27  8.353156696536117E-002
          27 -0.186668108915468     
          27 -4.832491923944319E-002
          27  0.195724532996701     
          27  1.185426023247573E-002
          27 -0.197922019748243     
          27  2.466372053369040E-002
          27  0.193390832918478     
          27 -6.005425220710257E-002
          27 -0.182440413194309     
          27  9.321052403271123E-002
          27  0.165552524065280     
          27 -0.123119972734340     
          27 -0.143368025756971     
          27  0.148889087213322     
          27  0.116668340237312     
          27 -0.169765494259551     
          27 -8.635253086264383E-002
          27  0.185156402482030     
          27  5.341088965604404E-002
          27 -0.194642716418095     
          27 -1.889593603382217E-002
          27  0.197988332253632     
          27 -1.610824931104406E-002
          27 -0.195144309648680     
          27  5.051741907452646E-002
          27  0.186247788264926     
          27 -8.327834949242478E-002
          27 -0.171615684624019     
          27  0.113398916214118     
          27  0.151733364000148     
          27 -0.139976191227386     
          27 -0.127238630918826     
          27  0.162221763087319     
          27  9.890151766468734E-002
          27 -0.179483570305974     
          27 -6.760047003921316E-002
          27  0.191263643973737     
          27  3.429563066676725E-002
          27 -0.197231277728095     
 
          28 -0.195206386960574     
          28  6.870443626123814E-002
          28  0.171667191013238     
          28 -0.126334829053899     
          28 -0.129926393822130     
          28  0.168714915443643     
          28  7.547155769646061E-002
          28 -0.192860251334393     
          28 -1.423110460219993E-002
          28  0.197350152869081     
          28 -4.768520990161946E-002
          28 -0.182462718032343     
          28  0.104403867236425     
          28  0.150133852008000     
          28 -0.150732435219440     
          28 -0.103765486556098     
          28  0.182562705108510     
          28  4.790790980794613E-002
          28 -0.197186361227444     
          28  1.215253230945903E-002
          28  0.193492202604044     
          28 -7.086293288315269E-002
          28 -0.172027147811141     
          28  0.122889293274475     
          28  0.134916289840080     
          28 -0.163576145662095     
          28 -8.564991162198785E-002
          28  0.189341326876125     
          28  2.875691057779170E-002
          28 -0.197972932029963     
          28  3.060630065348357E-002
          28  0.188804210441282     
          28 -8.711537504623916E-002
          28 -0.162752852813247     
          28  0.135746250366649     
          28  0.122222840770486     
          28 -0.172211810908389     
          28 -7.087878774663789E-002
          28  0.193329880188941     
          28  1.331349793183289E-002
          28 -0.197291655826513     
          28  4.536159960451069E-002
          28  0.183808500058417     
          28 -9.996716325143183E-002
          28 -0.154125609066629     
          28  0.145708622101003     
          28  0.110902583121845     
          28 -0.178591827386920     
          28 -5.797232139527093E-002
          28  0.195766170418795     
 
          29 -0.192784624084559     
          29  9.119479433398978E-002
          29  0.150497852389734     
          29 -0.159940985108914     
          29 -7.828769397255825E-002
          29  0.194956501977617     
          29 -8.242632090747959E-003
          29 -0.191321434177375     
          29  9.216000330785254E-002
          29  0.151086127993170     
          29 -0.157855304394743     
          29 -8.268991971010881E-002
          29  0.193571768476455     
          29 -6.879906521964711E-004
          29 -0.193276163938469     
          29  8.354590637320766E-002
          29  0.157532398638253     
          29 -0.150819428203033     
          29 -9.323400913654245E-002
          29  0.190506259454990     
          29  1.225656891953414E-002
          29 -0.195709258615248     
          29  7.072245946418804E-002
          29  0.165757381637820     
          29 -0.140849092622433     
          29 -0.106227100365740     
          29  0.185705077553084     
          29  2.787784135851060E-002
          29 -0.197457270258670     
          29  5.529894755505675E-002
          29  0.174179895570418     
          29 -0.128567995915525     
          29 -0.120132262633632     
          29  0.179038701292302     
          29  4.495680835454465E-002
          29 -0.197904992717003     
          29  3.805145541808212E-002
          29  0.181952809610674     
          29 -0.114294794118781     
          29 -0.134081731672063     
          29  0.170429143728688     
          29  6.275974729436576E-002
          29 -0.196682742140587     
          29  1.948518561812278E-002
          29  0.188537773810413     
          29 -9.826800053578023E-002
          29 -0.147489070276681     
          29  0.159857541495084     
          29  8.075534892468493E-002
          29 -0.193559379379859     
 
          30 -0.189623858661645     
          30  0.112351957841771     
          30  0.124105084320722     
          30 -0.183867652636387     
          30 -1.912781469898020E-002
          30  0.194707891697780     
          30 -9.055183334425608E-002
          30 -0.143956539022119     
          30  0.170890968962106     
          30  4.893427572845237E-002
          30 -0.198014234513395     
          30  6.051680179862012E-002
          30  0.164645766682775     
          30 -0.151103770609991     
          30 -8.167122821431730E-002
          30  0.195872792235459     
          30 -2.552860355681779E-002
          30 -0.181921284922512     
          30  0.124818740603512     
          30  0.113879053361788     
          30 -0.186828589576825     
          30 -1.225060105011509E-002
          30  0.193486186266369     
          30 -9.280702538326602E-002
          30 -0.143135848455516     
          30  0.170402717331914     
          30  5.082456020780461E-002
          30 -0.197917143578873     
          30  5.625250231595102E-002
          30  0.167501487390453     
          30 -0.146769689287669     
          30 -8.822958295332214E-002
          30  0.194399634743650     
          30 -1.666562984845899E-002
          30 -0.185411142092206     
          30  0.116623186673314     
          30  0.122563582803281     
          30 -0.182646461847872     
          30 -2.421076793052799E-002
          30  0.195679068458367     
          30 -8.108746343644103E-002
          30 -0.152058557191039     
          30  0.162861263014782     
          30  6.450113668872108E-002
          30 -0.197528530151672     
          30  4.163519342896017E-002
          30  0.175162884220446     
          30 -0.135705797105207     
          30 -0.102300170469999     
          30  0.190619696477972     
 
          31 -0.185733766809092     
          31  0.131849180980343     
          31  9.336812806554438E-002
          31 -0.196612557425715     
          31  4.196479917493868E-002
          31  0.167904015216730     
          31 -0.156254906648582     
          31 -6.198646630928518E-002
          31  0.198124452731625     
          31 -7.143527336286129E-002
          31 -0.150144015786904     
          31  0.172050845159920     
          31  3.508064359620251E-002
          31 -0.195469866440554     
          31  9.520129077888388E-002
          31  0.132109115045542     
          31 -0.183011144680596     
          31 -1.061011730232236E-002
          31  0.190047454688386     
          31 -0.115298589335790     
          31 -0.113730470733059     
          31  0.190514222603357     
          31 -1.216784696633286E-002
          31 -0.182479113848693     
          31  0.132587789973222     
          31  9.503802064396957E-002
          31 -0.195228098024808     
          31  3.356740282751568E-002
          31  0.173127210988177     
          31 -0.147499360735781     
          31 -7.610509307816614E-002
          31  0.197538038795721     
          31 -5.372176434103353E-002
          31 -0.162244502546214     
          31  0.160272063518947     
          31  5.702643734893741E-002
          31 -0.197697248780698     
          31  7.267670060764798E-002
          31  0.150030709585546     
          31 -0.171049068557923     
          31 -3.790794353483569E-002
          31  0.195891188881818     
          31 -9.043250998136958E-002
          31 -0.136657597659149     
          31  0.179922893853783     
          31  1.886115711019476E-002
          31 -0.192268744709221     
          31  0.106965286230497     
          31  0.122281321489915     
          31 -0.186958727136642     
 
          32  0.181126543506171     
          32 -0.149383272841207     
          32 -5.931900751798772E-002
          32  0.197342536744310     
          32 -9.918367342414948E-002
          32 -0.118097483451277     
          32  0.193136107371386     
          32 -3.500415570680308E-002
          32 -0.165471434682600     
          32  0.165443065029736     
          32  3.534619976824754E-002
          32 -0.193189470041170     
          32  0.116044424510790     
          32  0.102391739438961     
          32 -0.196050172637457     
          32  5.060733766239785E-002
          32  0.156599758870044     
          32 -0.172559587250422     
          32 -2.234278525008173E-002
          32  0.189928301246729     
          32 -0.125187826967257     
          32 -9.275593776538744E-002
          32  0.197138320147575     
          32 -6.006933777460961E-002
          32 -0.150598188763613     
          32  0.176686324922533     
          32  1.384817578063014E-002
          32 -0.187399372230003     
          32  0.131061373214673     
          32  8.609613845555338E-002
          32 -0.197582917411344     
          32  6.650844066730885E-002
          32  0.146232596880519     
          32 -0.179375397941573     
          32 -7.828442506110627E-003
          32  0.185413939720008     
          32 -0.135151752914850     
          32 -8.122110259921984E-002
          32  0.197751590796696     
          32 -7.115524388702023E-002
          32 -0.142936204306851     
          32  0.181243313760928     
          32  3.374388882646380E-003
          32 -0.183841140911188     
          32  0.138130677900869     
          32  7.754021874397816E-002
          32 -0.197792258279584     
          32  7.461992626790696E-002
          32  0.140397370554118     
          32 -0.182590860015526     
 
          33  0.175816774925764     
          33 -0.164679035031915     
          33 -2.310844383649138E-002
          33  0.185948127767620     
          33 -0.147051141301696     
          33 -5.200235225674128E-002
          33  0.194240984549140     
          33 -0.123711888661034     
          33 -8.262422440708676E-002
          33  0.198089609419906     
          33 -9.534579419713349E-002
          33 -0.112574361238503     
          33  0.196161107254641     
          33 -6.286144295015822E-002
          33 -0.140008535217446     
          33  0.187792999770416     
          33 -2.739868930017982E-002
          33 -0.163390157310586     
          33  0.172805902882550     
          33  9.717201600275616E-003
          33 -0.181441347964953     
          33  0.151424244451943     
          33  4.703673508275184E-002
          33 -0.193151689756290     
          33  0.124226928379337     
          33  8.305376146111434E-002
          33 -0.197802316537606     
          33  9.210280312971654E-002
          33  0.116275492008575     
          33 -0.194989300381248     
          33  5.620203943578169E-002
          33  0.145291902455259     
          33 -0.184639117815204     
          33  1.788066911149049E-002
          33  0.168841627299347     
          33 -0.167012632792678     
          33 -2.136169272557247E-002
          33  0.185871553049916     
          33 -0.142695930183572     
          33 -5.994948334221867E-002
          33  0.195587523020979     
          33 -0.112577554810276     
          33 -9.630191837209875E-002
          33  0.197493895867746     
          33 -7.781263366700382E-002
          33 -0.128904090277274     
          33  0.191420145418814     
          33 -3.977511606041907E-002
          33 -0.156375519089912     
          33  0.177533229580900     
 
          34  0.169821278411954     
          34 -0.177493217061961     
          34  1.403222785448925E-002
          34  0.163055056307916     
          34 -0.180938121188406     
          34  2.139398172507371E-002
          34  0.159202241312661     
          34 -0.182688922005490     
          34  2.545178964859663E-002
          34  0.157015249451424     
          34 -0.183559390930713     
          34  2.753921112173827E-002
          34  0.155908115083617     
          34 -0.183894877686604     
          34  2.831784163385336E-002
          34  0.155553278243582     
          34 -0.183866547696479     
          34  2.816294032466395E-002
          34  0.155746872903704     
          34 -0.183568075865265     
          34  2.730743890692571E-002
          34  0.156352287193979     
          34 -0.183054346029408     
          34  2.590572082887579E-002
          34  0.157272850654381     
          34 -0.182359133017680     
          34  2.406539208348811E-002
          34  0.158437211126083     
          34 -0.181503994040129     
          34  2.186453846403376E-002
          34  0.159790893663879     
          34 -0.180503076947783     
          34  1.936174528372650E-002
          34  0.161291134884351     
          34 -0.179365873228798     
          34  1.660223148792781E-002
          34  0.162903570502760     
          34 -0.178098868419353     
          34  1.362177071624921E-002
          34  0.164600028319941     
          34 -0.176706569565629     
          34  1.044928932060048E-002
          34  0.166357010003925     
          34 -0.175192165281273     
          34  7.108640705589466E-003
          34  0.168154618046594     
          34 -0.173557961133604     
          34  3.619848923380924E-003
          34  0.169975779551402     
          34 -0.171805673333945     
 
          35  0.163158900909128     
          35 -0.187617907962457     
          35  5.083181063370994E-002
          35  0.129991857163605     
          35 -0.197508039942308     
          35  9.203414706920909E-002
          35  9.436411809000519E-002
          35 -0.197521669845290     
          35  0.125969163255769     
          35  5.726126144933259E-002
          35 -0.189625909392574     
          35  0.153252613505895     
          35  1.969912766356150E-002
          35 -0.175071430031598     
          35  0.174023177353025     
          35 -1.732364271627213E-002
          35 -0.154885694144809     
          35  0.188304279818109     
          35 -5.285089363624459E-002
          35 -0.130034140680969     
          35  0.196139909422136     
          35 -8.598971423206588E-002
          35 -0.101477214496081     
          35  0.197653444077626     
          35 -0.115929177806036     
          35 -7.018673071967858E-002
          35  0.193073823271140     
          35 -0.141957166408407     
          35 -3.714385506833048E-002
          35  0.182745159894097     
          35 -0.163474946868048     
          35 -3.327984381624887E-003
          35  0.167126581225788     
          35 -0.180009123398500     
          35  3.029899563149342E-002
          35  0.146785576040549     
          35 -0.191220648410090     
          35  6.281060605723042E-002
          35  0.122386665991919     
          35 -0.196910655579552     
          35  9.333428360250175E-002
          35  9.467657277220608E-002
          35 -0.197022968512099     
          35  0.121069437621924     
          35  6.446675349470714E-002
          35 -0.191643228527557     
          35  0.145304262139993     
          35  3.261403416452405E-002
          35 -0.180994673667548     
          35  0.165430686249270     
 
          36  0.155850262333918     
          36 -0.194883281011730     
          36  8.602122829368468E-002
          36  8.871552622172869E-002
          36 -0.195043055463156     
          36  0.150149700637209     
          36  1.167174939191855E-002
          36 -0.164370798434905     
          36  0.188208417211625     
          36 -6.411295594249225E-002
          36 -0.110488608962059     
          36  0.197881125836044     
          36 -0.128817899581950     
          36 -4.225028004716821E-002
          36  0.179817193647725     
          36 -0.174629841108197     
          36  3.065474446041004E-002
          36  0.137707491601141     
          36 -0.196418657607336     
          36  9.860012758981589E-002
          36  7.785429709126787E-002
          36 -0.192174707844047     
          36  0.153025091317109     
          36  8.403014968821841E-003
          36 -0.163112744582178     
          36  0.187342915580584     
          36 -6.163829306489477E-002
          36 -0.113419258242829     
          36  0.197624880662078     
          36 -0.123464144989419     
          36 -4.967170711660317E-002
          36  0.182974022462688     
          36 -0.169493476900690     
          36  2.000093128801854E-002
          36  0.145546439706543     
          36 -0.194229625099939     
          36  8.691674338214574E-002
          36  9.022166825393335E-002
          36 -0.194861590261436     
          36  0.142881692587065     
          36  2.396508600704393E-002
          36 -0.171541466045543     
          36  0.181152421824198     
          36 -4.503942033631821E-002
          36 -0.127311373858877     
          36  0.197211461293760     
          36 -0.108382800699467     
          36 -6.769407527915151E-002
          36  0.189268402423524     
          36 -0.158433376234280     
 
          37  0.147917423720153     
          37 -0.199159602853435     
          37  0.118375229899670     
          37  4.169967808546555E-002
          37 -0.173621651872840     
          37  0.187594042224288     
          37 -7.348260918527523E-002
          37 -9.100904517660334E-002
          37  0.192886864774667     
          37 -0.161666084178768     
          37  1.860546004717415E-002
          37  0.137354912817905     
          37 -0.197897157329145     
          37  0.120726390020545     
          37  4.058486989870478E-002
          37 -0.173571407357511     
          37  0.185269419728578     
          37 -6.735851941996537E-002
          37 -9.772278253677677E-002
          37  0.194305641827545     
          37 -0.154573167425416     
          37  6.313549744944359E-003
          37  0.146382120876312     
          37 -0.196156141672935     
          37  0.107924978047709     
          37  5.628133553102010E-002
          37 -0.180845858973968     
          37  0.177965773855285     
          37 -4.960999649421859E-002
          37 -0.113739487161703     
          37  0.196825458441941     
          37 -0.140959749005571     
          37 -1.445650551543143E-002
          37  0.159659392265250     
          37 -0.192025921907333     
          37  8.863745370506804E-002
          37  7.743370475225785E-002
          37 -0.188729118274449     
          37  0.166482175979960     
          37 -2.640299727545458E-002
          37 -0.132368390406649     
          37  0.197405634446164     
          37 -0.122621161473172     
          37 -3.903490483723711E-002
          37  0.173030552846437     
          37 -0.184390223430785     
          37  6.503685098914602E-002
          37  0.100429495248251     
          37 -0.194675451899009     
          37  0.150841426497658     
 
          38 -0.139383449642781     
          38  0.200358405847751     
          38 -0.146752275343799     
          38  8.207985687000038E-003
          38  0.135130570363058     
          38 -0.198970375827827     
          38  0.145072734866520     
          38 -4.919244009792729E-003
          38 -0.138170828942820     
          38  0.198497014864230     
          38 -0.139574608122105     
          38 -3.412695031182683E-003
          38  0.144339940825364     
          38 -0.197964042221566     
          38  0.131638915343177     
          38  1.457466012813997E-002
          38 -0.151930573582120     
          38  0.196831842292287     
          38 -0.121813143977468     
          38 -2.750045985581371E-002
          38  0.160024665618704     
          38 -0.194762466410444     
          38  0.110386174156090     
          38  4.155361779209136E-002
          38 -0.168041408220487     
          38  0.191532437057384     
          38 -9.755416453337569E-002
          38 -5.629078403963182E-002
          38  0.175572208289761     
          38 -0.186992886181053     
          38  8.348010920232486E-002
          38  7.136677712933784E-002
          38 -0.182309099445406     
          38  0.181048983233426     
          38 -6.831809538858659E-002
          38 -8.649155431823391E-002
          38  0.188010046761195     
          38 -0.173648322208727     
          38  5.222377245190890E-002
          38  0.101409222905142     
          38 -0.192480828793642     
          38  0.164773834815557     
          38 -3.535874820227650E-002
          38 -0.115887445603067     
          38  0.195565079772760     
          38 -0.154439116272768     
          38  1.789204301760912E-002
          38  0.129712145776989     
          38 -0.197138615224513     
          38  0.142685074270938     
 
          39  0.130271818492220     
          39 -0.198432698970269     
          39  0.170131058521237     
          39 -5.795013206734403E-002
          39 -8.310962249499469E-002
          39  0.182402459807275     
          39 -0.189404204460959     
          39  0.100034972605636     
          39  4.047208746620791E-002
          39 -0.160207321548723     
          39  0.197435927883142     
          39 -0.132681943660503     
          39 -7.862689605733291E-004
          39  0.133846340783178     
          39 -0.197285473322327     
          39  0.157915768589641     
          39 -3.611632549418276E-002
          39 -0.104563782230246     
          39  0.190505550370626     
          39 -0.176593782464350     
          39  7.001357013037011E-002
          39  7.334563347824836E-002
          39 -0.178137650400680     
          39  0.189174687273726     
          39 -0.100563696949386     
          39 -4.106109404650562E-002
          39  0.161023927163187     
          39 -0.195979367955340     
          39  0.127406952092799     
          39  8.510214987221713E-003
          39 -0.139926480127521     
          39  0.197298167066908     
          39 -0.150212783775802     
          39  2.356071641319427E-002
          39  0.115577010756542     
          39 -0.193439782354347     
          39  0.168705111423339     
          39 -5.445674139733718E-002
          39 -8.869678886733312E-002
          39  0.184754039895938     
          39 -0.182677037392013     
          39  8.353739688533866E-002
          39  6.000239130602197E-002
          39 -0.171641372990799     
          39  0.191999573562312     
          39 -0.110222241373645     
          39 -3.020405172933097E-002
          39  0.154554777141937     
          39 -0.196626433192964     
          39  0.133997121659487     
 
          40 -0.120605610146121     
          40  0.193376052560913     
          40 -0.187642142585997     
          40  0.104435921545764     
          40  2.244378172227178E-002
          40 -0.139843291914038     
          40  0.197694698939212     
          40 -0.170803014423578     
          40  7.028759727420607E-002
          40  6.066821881200374E-002
          40 -0.165242805919490     
          40  0.197708686445582     
          40 -0.143631148661385     
          40  2.650949513728409E-002
          40  0.102276360249286     
          40 -0.185962195876581     
          40  0.187484229983607     
          40 -0.106022205007767     
          40 -2.244344290486220E-002
          40  0.140944304038911     
          40 -0.196781321626023     
          40  0.165019655372560     
          40 -5.971315548378119E-002
          40 -7.223446178382502E-002
          40  0.171922416404430     
          40 -0.194759060916044     
          40  0.130460595636133     
          40 -7.746708203517125E-003
          40 -0.118438511298450     
          40  0.191512933417344     
          40 -0.178650240883959     
          40  8.557128177616193E-002
          40  4.595338240675135E-002
          40 -0.156820238944906     
          40  0.197152381867941     
          40 -0.148763825336839     
          40  3.339739315628741E-002
          40  9.701249000191432E-002
          40 -0.183705012977790     
          40  0.187578568049341     
          40 -0.106852913338390     
          40 -2.208262059824088E-002
          40  0.141051264353301     
          40 -0.196334682801060     
          40  0.162942314182220     
          40 -5.593223809523341E-002
          40 -7.635599485880133E-002
          40  0.174125412084869     
          40 -0.193154089738444     
          40  0.124813006201862     
 
          41 -0.110406366964004     
          41  0.185220332113446     
          41 -0.198593210119558     
          41  0.144717604670056     
          41 -4.106838964443808E-002
          41 -7.687874140743937E-002
          41  0.167797470833655     
          41 -0.199247436206768     
          41  0.159606651187698     
          41 -6.269339356309543E-002
          41 -5.682684585697057E-002
          41  0.155768269980374     
          41 -0.198090479700665     
          41  0.168172600342227     
          41 -7.674516761221052E-002
          41 -4.282578694681545E-002
          41  0.146654740663797     
          41 -0.196460414789447     
          41  0.173754680483717     
          41 -8.680366016806050E-002
          41 -3.229524003725150E-002
          41  0.139415540726322     
          41 -0.194753452800475     
          41  0.177661936659393     
          41 -9.441832041982458E-002
          41 -2.402097064291099E-002
          41  0.133496809184625     
          41 -0.193109643360143     
          41  0.180527323653602     
          41 -0.100395887943221     
          41 -1.733170887576856E-002
          41  0.128563995756265     
          41 -0.191580358987168     
          41  0.182698535184714     
          41 -0.105207510269867     
          41 -1.181654249210603E-002
          41  0.124397797338340     
          41 -0.190181906910106     
          41  0.184383823168549     
          41 -0.109150946412800     
          41 -7.205468547740077E-003
          41  0.120845915800079     
          41 -0.188915723035606     
          41  0.185715991526803     
          41 -0.112425582669092     
          41 -3.311542350361466E-003
          41  0.117797917214132     
          41 -0.187776826415233     
          41  0.186783855251997     
          41 -0.115170981886698     
 
          42  9.969248765166161E-002
          42 -0.174031789160042     
          42  0.202486483704353     
          42 -0.176156062743446     
          42  0.101228823453762     
          42  2.051241576753666E-003
          42 -0.104749760318417     
          42  0.177453651927700     
          42 -0.198920664218392     
          42  0.162546981668796     
          42 -7.862286588259852E-002
          42 -2.842183557723794E-002
          42  0.127070124988271     
          42 -0.188026893915158     
          42  0.193009921354908     
          42 -0.140350249430075     
          42  4.565289237247677E-002
          42  6.275439587845712E-002
          42 -0.152270934745343     
          42  0.195849671835680     
          42 -0.180225164574658     
          42  0.110020062731347     
          42 -6.439015999548418E-003
          42 -9.909846608709959E-002
          42  0.174481697728514     
          42 -0.196700224942232     
          42  0.158907737473629     
          42 -7.257654243817965E-002
          42 -3.594807471027198E-002
          42  0.133468474151044     
          42 -0.190091910908171     
          42  0.188413759753332     
          42 -0.128897864333528     
          42  2.978099702535775E-002
          42  7.849262915215771E-002
          42 -0.162614075819117     
          42  0.196663597293230     
          42 -0.170115743335449     
          42  9.111685307414435E-002
          42  1.599295518770362E-002
          42 -0.118165802522797     
          42  0.183840895862635     
          42 -0.192702787824195     
          42  0.141982271831654     
          42 -4.734018902437503E-002
          42 -6.195327738266100E-002
          42  0.152064045140128     
          42 -0.195070461968379     
          42  0.177625277973191     
          42 -0.105112509652362     
 
          43 -8.847702024018088E-002
          43  0.159905235292342     
          43 -0.199027082299255     
          43  0.196564244170926     
          43 -0.151987191276186     
          43  7.420633545668681E-002
          43  2.003997137248651E-002
          43 -0.109782824958124     
          43  0.174592696914638     
          43 -0.199394534789271     
          43  0.178153888226730     
          43 -0.115501819755605     
          43  2.584552203641860E-002
          43  6.988441741005440E-002
          43 -0.149116876995235     
          43  0.193004241349763     
          43 -0.190976313818379     
          43  0.143365005282180     
          43 -6.143144018543144E-002
          43 -3.524951801619118E-002
          43  0.123447073008929     
          43 -0.181866146987312     
          43  0.196320836123819     
          43 -0.163222942130196     
          43  9.051675918159378E-002
          43  4.192123901498845E-003
          43 -9.788036447015029E-002
          43  0.167702423361602     
          43 -0.196576360864798     
          43  0.177388904291308     
          43 -0.114777594373583     
          43  2.403658122751905E-002
          43  7.260180638138551E-002
          43 -0.151408789735103     
          43  0.192992247879253     
          43 -0.187084567197761     
          43  0.135098564476859     
          43 -4.981008344948337E-002
          43 -4.776672342440420E-002
          43  0.133550259923643     
          43 -0.186337003578797     
          43  0.193052482351108     
          43 -0.152004342135139     
          43  7.332429278741859E-002
          43  2.351990125985517E-002
          43 -0.114534230566553     
          43  0.177142960474082     
          43 -0.195794635826545     
          43  0.165835550128169     
          43 -9.468306403383878E-002
 
          44 -7.676497770816651E-002
          44  0.142956550594817     
          44 -0.188122086398749     
          44  0.204319589254324     
          44 -0.187969572438223     
          44  0.140884663296472     
          44 -7.028147514334271E-002
          44 -1.225332799305112E-002
          44  9.267863110943046E-002
          44 -0.156959675746967     
          44  0.193622579471050     
          44 -0.195918844312766     
          44  0.163176078031385     
          44 -0.101054554230034     
          44  2.063068370739609E-002
          44  6.354951707336758E-002
          44 -0.136103760058125     
          44  0.183651455443837     
          44 -0.197324611292465     
          44  0.174471386729886     
          44 -0.119216616179713     
          44  4.175535044521703E-002
          44  4.350522164950174E-002
          44 -0.120618824091244     
          44  0.175091164960109     
          44 -0.196624621143271     
          44  0.181091949518305     
          44 -0.131355431067941     
          44  5.676426247184806E-002
          44  2.858587322814003E-002
          44 -0.108509264055867     
          44  0.167802272147936     
          44 -0.195146495917440     
          44  0.185285850918877     
          44 -0.140055378240791     
          44  6.805704364166563E-002
          44  1.696347599121452E-002
          44 -9.873463328834821E-002
          44  0.161573520320777     
          44 -0.193400233471419     
          44  0.188071005601306     
          44 -0.146577143106095     
          44  7.687332732391675E-002
          44  7.637577355787122E-003
          44 -9.067619484910427E-002
          44  0.156222024033746     
          44 -0.191608387621527     
          44  0.189977932488790     
          44 -0.151621005164240     
          44  8.393382129849609E-002
 
          45  6.455166807058230E-002
          45 -0.123316570687091     
          45  0.169874607249911     
          45 -0.198444041654133     
          45  0.204945459178307     
          45 -0.187792468639018     
          45  0.148322036226700     
          45 -9.080420575451773E-002
          45  2.202071128714574E-002
          45  4.953968858838645E-002
          45 -0.114765693766589     
          45  0.165140896555197     
          45 -0.193923473096811     
          45  0.197117572486523     
          45 -0.174090765786622     
          45  0.127738745851606     
          45 -6.416097451791067E-002
          45 -8.119567475774341E-003
          45  7.929293916836165E-002
          45 -0.139601892663263     
          45  0.180698722871305     
          45 -0.196826917071769     
          45  0.185656413445591     
          45 -0.148647677912708     
          45  9.088515220524353E-002
          45 -2.039576720811540E-002
          45 -5.295759689632996E-002
          45  0.118855394087041     
          45 -0.167979735891121     
          45  0.193344046442162     
          45 -0.191302181708551     
          45  0.162088965475459     
          45 -0.109809913805605     
          45  4.187645963473834E-002
          45  3.203701289068479E-002
          45 -0.101368182023677     
          45  0.156178324768359     
          45 -0.188583338747418     
          45  0.193897005657309     
          45 -0.171319248032228     
          45  0.124066798543438     
          45 -5.892384462303397E-002
          45 -1.472572052159528E-002
          45  8.624705297612767E-002
          45 -0.145290420207713     
          45  0.183292389759666     
          45 -0.194723694096018     
          45  0.177900960326511     
          45 -0.135242060554998     
          45  7.292536534288506E-002
 
          46  5.182947634203704E-002
          46 -0.101141578559404     
          46  0.144596280865893     
          46 -0.178678505441515     
          46  0.200229993444296     
          46 -0.206895803389188     
          46  0.197472191676760     
          46 -0.172131935505981     
          46  0.132506402242675     
          46 -8.161397011816998E-002
          46  2.363827103866524E-002
          46  3.642529947191476E-002
          46 -9.322233712968640E-002
          46  0.141547678173564     
          46 -0.176858206821691     
          46  0.195737212102884     
          46 -0.196260714528335     
          46  0.178224928108089     
          46 -0.143207314418239     
          46  9.445024102739390E-002
          46 -3.657440975395766E-002
          46 -2.485291007454215E-002
          46  8.385411962768909E-002
          46 -0.134629479483516     
          46  0.172138160563675     
          46 -0.192612537976264     
          46  0.193951802931169     
          46 -0.175952416059315     
          46  0.140349036966228     
          46 -9.065873334303168E-002
          46  3.184153769964087E-002
          46  3.019033206882765E-002
          46 -8.916608324522331E-002
          46  0.139092909438691     
          46 -0.174870333392828     
          46  0.192818611558710     
          46 -0.191065614694109     
          46  0.169750657897890     
          46 -0.131022339833574     
          46  7.882866825202996E-002
          46 -1.851939715328005E-002
          46 -4.369969447502482E-002
          46  0.101404999677864     
          46 -0.148619988670207     
          46  0.180437673579909     
          46 -0.193535336642654     
          46  0.186526979303905     
          46 -0.160115538114722     
          46  0.117027640952026     
          46 -6.173639268215324E-002
 
          47 -3.863420074642381E-002
          47  7.670430820284714E-002
          47 -0.112937850693027     
          47  0.145687394841514     
          47 -0.173168790410048     
          47  0.193658762775448     
          47 -0.205667182236416     
          47  0.208084823700833     
          47 -0.200301972539848     
          47  0.182291772389517     
          47 -0.154652839721436     
          47  0.118607526804425     
          47 -7.595480853549416E-002
          47  2.897974413724735E-002
          47  1.967548042247198E-002
          47 -6.717106257455632E-002
          47  0.110649357269243     
          47 -0.147422851587079     
          47  0.175157308098722     
          47 -0.192036984476727     
          47  0.196899718038271     
          47 -0.189331451532964     
          47  0.169712366523760     
          47 -0.139210016765824     
          47  9.971849833831836E-002
          47 -5.374650182006267E-002
          47  4.260792024951696E-003
          47  4.550501842523330E-002
          47 -9.226384386637912E-002
          47  0.132896237998806     
          47 -0.164663971900593     
          47  0.185401019625096     
          47 -0.193668189892006     
          47  0.188859949871813     
          47 -0.171255158906921     
          47  0.142007253849099     
          47 -0.103073639720236     
          47  5.708834274020801E-002
          47 -7.186068578956431E-003
          47 -4.321062142705372E-002
          47  9.062651538708404E-002
          47 -0.131775044123075     
          47  0.163788717172078     
          47 -0.184422308276206     
          47  0.192214131430449     
          47 -0.186593556608728     
          47  0.167926608153222     
          47 -0.137495813646183     
          47  9.741512277598396E-002
          47 -5.048536240528009E-002
 
          48 -2.524115319428339E-002
          48  5.079286363523063E-002
          48 -7.649497413983058E-002
          48  0.101895363704775     
          48 -0.126352594760927     
          48  0.149107986111706     
          48 -0.169344661161250     
          48  0.186240499910911     
          48 -0.199017378163233     
          48  0.206986958768840     
          48 -0.209592274001694     
          48  0.206443868598915     
          48 -0.197349124455778     
          48  0.182333447369695     
          48 -0.161652202150721     
          48  0.135792595490974     
          48 -0.105465095979267     
          48  7.158442079467948E-002
          48 -3.524058331074498E-002
          48 -2.339040003023997E-003
          48  3.983522577589949E-002
          48 -7.588821420679236E-002
          48  0.109152702712132     
          48 -0.138354176223232     
          48  0.162344093103850     
          48 -0.180151421615691     
          48  0.191028112733494     
          48 -0.194486299971734     
          48  0.190325329341281     
          48 -0.178647130937143     
          48  0.159858931456129     
          48 -0.134662853476664     
          48  0.104032528644540     
          48 -6.917744182542450E-002
          48  3.149629461295762E-002
          48  7.478797630394208E-003
          48 -4.614500619851320E-002
          48  8.289575673554013E-002
          48 -0.116189085205992     
          48  0.144614380669463     
          48 -0.166954525527031     
          48  0.182240592847261     
          48 -0.189796541965896     
          48  0.189271757359829     
          48 -0.180659785501019     
          48  0.164302218437866     
          48 -0.140877325345534     
          48  0.111373715163391     
          48 -7.704999375026031E-002
          48  3.938202633262634E-002
 
          49  1.274403949254739E-002
          49 -2.590194437716349E-002
          49  3.965902992871707E-002
          49 -5.405967371165229E-002
          49  6.905040356486768E-002
          49 -8.450395284711937E-002
          49  0.100234650663170     
          49 -0.116009810207633     
          49  0.131559359984432     
          49 -0.146584835120434     
          49  0.160768275176805     
          49 -0.173781263636316     
          49  0.185294162874688     
          49 -0.194985486715265     
          49  0.202551281294323     
          49 -0.207714339069661     
          49  0.210233042601552     
          49 -0.209909619999719     
          49  0.206597590258698     
          49 -0.200208182609171     
          49  0.190715528441109     
          49 -0.178160446423462     
          49  0.162652670298028     
          49 -0.144371403554562     
          49  0.123564124804625     
          49 -0.100543611068301     
          49  7.568319218108750E-002
          49 -4.941029685077448E-002
          49  2.219839822450465E-002
          49  5.442487180741569E-003
          49 -3.297655001136325E-002
          49  5.985395154663504E-002
          49 -8.552332939908262E-002
          49  0.109444746835526     
          49 -0.131102766425619     
          49  0.150019316034789     
          49 -0.165766011049647     
          49  0.177975601500586     
          49 -0.186352226534355     
          49  0.190680181347768     
          49 -0.190830932832702     
          49  0.186768159168841     
          49 -0.178550634569389     
          49  0.166332832259008     
          49 -0.150363175277771     
          49  0.130979924438811     
          49 -0.108604754179282     
          49  8.373412851253303E-002
          49 -5.692864915527891E-002
          49  2.880060451670923E-002
 
          50 -3.672543898733966E-003
          50  7.517009250995382E-003
          50 -1.164313749228966E-002
          50  1.612513476886067E-002
          50 -2.101433812125843E-002
          50  2.634568426574156E-002
          50 -3.214116581573029E-002
          50  3.841172586873594E-002
          50 -4.515830992226692E-002
          50  5.237245684640337E-002
          50 -6.003664386081843E-002
          50  6.812451290602053E-002
          50 -7.660105734019897E-002
          50  8.542281971794079E-002
          50 -9.453813420223614E-002
          50  0.103887436102120     
          50 -0.113403653517293     
          50  0.123012690663432     
          50 -0.132634008322937     
          50  0.142181303535580     
          50 -0.151563287829422     
          50  0.160684560828229     
          50 -0.169446573861222     
          50  0.177748676191049     
          50 -0.185489234640094     
          50  0.192566815723964     
          50 -0.198881417895136     
          50  0.204335740166625     
          50 -0.208836472236081     
          50  0.212295590277343     
          50 -0.214631641822339     
          50  0.215771002633205     
          50 -0.215649088173633     
          50  0.214211502238186     
          50 -0.211415105495015     
          50  0.207228987144263     
          50 -0.201635323591806     
          50  0.194630108982650     
          50 -0.186223743623938     
          50  0.176441467744056     
          50 -0.165323629668501     
          50  0.152925779328106     
          50 -0.139318580031122     
          50  0.124587533604246     
          50 -0.108832516313419     
          50  9.216712538446351E-002
          50 -7.471783842610868E-002
          50  5.662299058111106E-002
          50 -3.803157676143928E-002
          50  1.910188882610690E-002
 
