  -1.00000000000000     
 -0.850000000000003     
 -0.739130434782608     
 -0.653846153846155     
 -0.586206896551723     
 -0.531250000000000     
 -0.485714285714287     
 -0.447368421052631     
 -0.414634146341464     
 -0.386363636363636     
 -0.361702127659575     
 -0.339999999999999     
 -0.320754716981132     
 -0.303571428571429     
 -0.288135593220339     
 -0.274193548387097     
 -0.261538461538461     
 -0.250000000000000     
 -0.239436619718310     
 -0.229729729729730     
 -0.220779220779221     
 -0.212500000000000     
 -0.204819277108434     
 -0.197674418604651     
 -0.191011235955056     
 -0.184782608695652     
 -0.178947368421053     
 -0.173469387755102     
 -0.168316831683168     
 -0.163461538461538     
 -0.158878504672897     
 -0.154545454545454     
 -0.150442477876106     
 -0.146551724137931     
 -0.142857142857143     
 -0.139344262295082     
 -0.136000000000000     
 -0.132812500000000     
 -0.129770992366412     
 -0.126865671641791     
 -0.124087591240876     
 -0.121428571428571     
 -0.118881118881119     
 -0.116438356164384     
 -0.114093959731544     
 -0.111842105263158     
 -0.109677419354839     
 -0.107594936708861     
 -0.105590062111801     
 -0.103658536585366     
 -0.101796407185629     
 -0.100000000000000     
